Log file open, 08/12/20 01:52:05
LogInit: Display: Running engine for game: ToonTanks
LogPlatformFile: Not using cached read wrapper
LogTaskGraph: Started task graph with 5 named threads and 23 total threads with 3 sets of task threads.
LogStats: Stats thread started at 0.205061
LogD3D11RHI: Loaded GFSDK_Aftermath_Lib.x64.dll
LogICUInternationalization: ICU TimeZone Detection - Raw Offset: +2:00, Platform Override: ''
LogPluginManager: Mounting plugin Paper2D
LogPluginManager: Mounting plugin AISupport
LogPluginManager: Mounting plugin LightPropagationVolume
LogPluginManager: Mounting plugin CameraShakePreviewer
LogPluginManager: Mounting plugin ActorLayerUtilities
LogPluginManager: Mounting plugin AnimationSharing
LogPluginManager: Mounting plugin CLionSourceCodeAccess
LogPluginManager: Mounting plugin CodeLiteSourceCodeAccess
LogPluginManager: Mounting plugin GitSourceControl
LogPluginManager: Mounting plugin KDevelopSourceCodeAccess
LogPluginManager: Mounting plugin NullSourceCodeAccess
LogPluginManager: Mounting plugin PerforceSourceControl
LogPluginManager: Mounting plugin PlasticSourceControl
LogPluginManager: Mounting plugin RiderSourceCodeAccess
LogPluginManager: Mounting plugin SubversionSourceControl
LogPluginManager: Mounting plugin UObjectPlugin
LogPluginManager: Mounting plugin VisualStudioCodeSourceCodeAccess
LogPluginManager: Mounting plugin VisualStudioSourceCodeAccess
LogPluginManager: Mounting plugin XCodeSourceCodeAccess
LogPluginManager: Mounting plugin AssetManagerEditor
LogPluginManager: Mounting plugin CryptoKeys
LogPluginManager: Mounting plugin CurveEditorTools
LogPluginManager: Mounting plugin DataValidation
LogPluginManager: Mounting plugin EditorScriptingUtilities
LogPluginManager: Mounting plugin FacialAnimation
LogPluginManager: Mounting plugin GameplayTagsEditor
LogPluginManager: Mounting plugin GeometryMode
LogPluginManager: Mounting plugin MacGraphicsSwitching
LogPluginManager: Mounting plugin MaterialAnalyzer
LogPluginManager: Mounting plugin MobileLauncherProfileWizard
LogPluginManager: Mounting plugin PluginBrowser
LogPluginManager: Mounting plugin SpeedTreeImporter
LogPluginManager: Mounting plugin DatasmithContent
LogPluginManager: Mounting plugin VariantManagerContent
LogPluginManager: Mounting plugin AlembicImporter
LogPluginManager: Mounting plugin AutomationUtils
LogPluginManager: Mounting plugin BackChannel
LogPluginManager: Mounting plugin ChaosCloth
LogPluginManager: Mounting plugin ChaosClothEditor
LogPluginManager: Mounting plugin ChaosEditor
LogPluginManager: Mounting plugin ChaosNiagara
LogPluginManager: Mounting plugin ChaosSolverPlugin
LogPluginManager: Mounting plugin CharacterAI
LogPluginManager: Mounting plugin GeometryCache
LogPluginManager: Mounting plugin GeometryCollectionPlugin
LogPluginManager: Mounting plugin GeometryProcessing
LogPluginManager: Mounting plugin PlanarCut
LogPluginManager: Mounting plugin PlatformCrypto
LogPluginManager: Mounting plugin ProxyLODPlugin
LogPluginManager: Mounting plugin SkeletalReduction
LogPluginManager: Mounting plugin Niagara
LogPluginManager: Mounting plugin MagicLeap
LogPluginManager: Mounting plugin MagicLeapLightEstimation
LogPluginManager: Mounting plugin MagicLeapMedia
LogPluginManager: Mounting plugin MagicLeapPassableWorld
LogPluginManager: Mounting plugin MLSDK
LogPluginManager: Mounting plugin AndroidMedia
LogPluginManager: Mounting plugin AvfMedia
LogPluginManager: Mounting plugin ImgMedia
LogPluginManager: Mounting plugin MediaCompositing
LogPluginManager: Mounting plugin MediaPlayerEditor
LogPluginManager: Mounting plugin WebMMedia
LogPluginManager: Mounting plugin WmfMedia
LogPluginManager: Mounting plugin MeshPainting
LogPluginManager: Mounting plugin TcpMessaging
LogPluginManager: Mounting plugin UdpMessaging
LogPluginManager: Mounting plugin ActorSequence
LogPluginManager: Mounting plugin LevelSequenceEditor
LogPluginManager: Mounting plugin MatineeToLevelSequence
LogPluginManager: Mounting plugin MovieRenderPipeline
LogPluginManager: Mounting plugin TemplateSequence
LogPluginManager: Mounting plugin NetcodeUnitTest
LogPluginManager: Mounting plugin NUTUnrealEngine4
LogPluginManager: Mounting plugin OnlineSubsystemGooglePlay
LogPluginManager: Mounting plugin OnlineSubsystemIOS
LogPluginManager: Mounting plugin OnlineSubsystem
LogPluginManager: Mounting plugin OnlineSubsystemNull
LogPluginManager: Mounting plugin OnlineSubsystemUtils
LogPluginManager: Mounting plugin LauncherChunkInstaller
LogPluginManager: Mounting plugin AndroidDeviceProfileSelector
LogPluginManager: Mounting plugin AndroidMoviePlayer
LogPluginManager: Mounting plugin AndroidPermission
LogPluginManager: Mounting plugin AppleImageUtils
LogPluginManager: Mounting plugin AppleMoviePlayer
LogPluginManager: Mounting plugin ArchVisCharacter
LogPluginManager: Mounting plugin AssetTags
LogPluginManager: Mounting plugin AudioCapture
LogPluginManager: Mounting plugin CableComponent
LogPluginManager: Mounting plugin CustomMeshComponent
LogPluginManager: Mounting plugin EditableMesh
LogPluginManager: Mounting plugin ExampleDeviceProfileSelector
LogPluginManager: Mounting plugin GoogleCloudMessaging
LogPluginManager: Mounting plugin GooglePAD
LogPluginManager: Mounting plugin IOSDeviceProfileSelector
LogPluginManager: Mounting plugin LinuxDeviceProfileSelector
LogPluginManager: Mounting plugin LocationServicesBPLibrary
LogPluginManager: Mounting plugin MobilePatchingUtils
LogPluginManager: Mounting plugin OculusVR
LogPluginManager: Mounting plugin PhysXVehicles
LogPluginManager: Mounting plugin PostSplashScreen
LogPluginManager: Mounting plugin ProceduralMeshComponent
LogPluginManager: Mounting plugin RuntimePhysXCooking
LogPluginManager: Mounting plugin SignificanceManager
LogPluginManager: Mounting plugin SoundFields
LogPluginManager: Mounting plugin SteamVR
LogPluginManager: Mounting plugin Synthesis
LogPluginManager: Mounting plugin WebMMoviePlayer
LogPluginManager: Mounting plugin WindowsMoviePlayer
LogPluginManager: Mounting plugin ScreenshotTools
LogInit: Using libcurl 7.55.1-DEV
LogInit:  - built for x86_64-pc-win32
LogInit:  - supports SSL with OpenSSL/1.1.1
LogInit:  - supports HTTP deflate (compression) using libz 1.2.8
LogInit:  - other features:
LogInit:      CURL_VERSION_SSL
LogInit:      CURL_VERSION_LIBZ
LogInit:      CURL_VERSION_IPV6
LogInit:      CURL_VERSION_ASYNCHDNS
LogInit:      CURL_VERSION_LARGEFILE
LogInit:      CURL_VERSION_IDN
LogInit:  CurlRequestOptions (configurable via config and command line):
LogInit:  - bVerifyPeer = true  - Libcurl will verify peer certificate
LogInit:  - bUseHttpProxy = false  - Libcurl will NOT use HTTP proxy
LogInit:  - bDontReuseConnections = false  - Libcurl will reuse connections
LogInit:  - MaxHostConnections = 16  - Libcurl will limit the number of connections to a host
LogInit:  - LocalHostAddr = Default
LogInit:  - BufferSize = 65536
LogOnline: OSS: Creating online subsystem instance for: NULL
LogInit: WinSock: version 1.1 (2.2), MaxSocks=32767, MaxUdp=65467
LogOnline: OSS: TryLoadSubsystemAndSetDefault: Loaded subsystem for module [NULL]
LogInit: Build: ++UE4+Release-4.25-CL-13942748
LogInit: Engine Version: 4.25.3-13942748+++UE4+Release-4.25
LogInit: Compatible Engine Version: 4.25.0-13144385+++UE4+Release-4.25
LogInit: Net CL: 13144385
LogInit: OS: Windows 10 (Release 2004) (), CPU: Intel(R) Core(TM) i7-7700HQ CPU @ 2.80GHz, GPU: Intel(R) HD Graphics 630
LogInit: Compiled (64-bit): Jul 25 2020 02:07:48
LogInit: Compiled with Visual C++: 19.24.28315.00
LogInit: Build Configuration: Development
LogInit: Branch Name: ++UE4+Release-4.25
LogInit: Command Line: 
LogInit: Base Directory: C:/Program Files/Epic Games/UE_4.25/Engine/Binaries/Win64/
LogInit: Allocator: TBB
LogInit: Installed Engine Build: 1
LogDevObjectVersion: Number of dev versions registered: 26
LogDevObjectVersion:   Dev-Blueprints (B0D832E4-1F89-4F0D-ACCF-7EB736FD4AA2): 10
LogDevObjectVersion:   Dev-Build (E1C64328-A22C-4D53-A36C-8E866417BD8C): 0
LogDevObjectVersion:   Dev-Core (375EC13C-06E4-48FB-B500-84F0262A717E): 4
LogDevObjectVersion:   Dev-Editor (E4B068ED-F494-42E9-A231-DA0B2E46BB41): 38
LogDevObjectVersion:   Dev-Framework (CFFC743F-43B0-4480-9391-14DF171D2073): 37
LogDevObjectVersion:   Dev-Mobile (B02B49B5-BB20-44E9-A304-32B752E40360): 2
LogDevObjectVersion:   Dev-Networking (A4E4105C-59A1-49B5-A7C5-40C4547EDFEE): 0
LogDevObjectVersion:   Dev-Online (39C831C9-5AE6-47DC-9A44-9C173E1C8E7C): 0
LogDevObjectVersion:   Dev-Physics (78F01B33-EBEA-4F98-B9B4-84EACCB95AA2): 4
LogDevObjectVersion:   Dev-Platform (6631380F-2D4D-43E0-8009-CF276956A95A): 0
LogDevObjectVersion:   Dev-Rendering (12F88B9F-8875-4AFC-A67C-D90C383ABD29): 43
LogDevObjectVersion:   Dev-Sequencer (7B5AE74C-D270-4C10-A958-57980B212A5A): 12
LogDevObjectVersion:   Dev-VR (D7296918-1DD6-4BDD-9DE2-64A83CC13884): 3
LogDevObjectVersion:   Dev-LoadTimes (C2A15278-BFE7-4AFE-6C17-90FF531DF755): 1
LogDevObjectVersion:   Private-Geometry (6EACA3D4-40EC-4CC1-B786-8BED09428FC5): 3
LogDevObjectVersion:   Dev-AnimPhys (29E575DD-E0A3-4627-9D10-D276232CDCEA): 17
LogDevObjectVersion:   Dev-Anim (AF43A65D-7FD3-4947-9873-3E8ED9C1BB05): 7
LogDevObjectVersion:   Dev-ReflectionCapture (6B266CEC-1EC7-4B8F-A30B-E4D90942FC07): 1
LogDevObjectVersion:   Dev-Automation (0DF73D61-A23F-47EA-B727-89E90C41499A): 1
LogDevObjectVersion:   FortniteMain (601D1886-AC64-4F84-AA16-D3DE0DEAC7D6): 31
LogDevObjectVersion:   Dev-Enterprise (9DFFBCD6-494F-0158-E221-12823C92A888): 10
LogDevObjectVersion:   Dev-Niagara (F2AED0AC-9AFE-416F-8664-AA7FFA26D6FC): 1
LogDevObjectVersion:   Dev-Destruction (174F1F0B-B4C6-45A5-B13F-2EE8D0FB917D): 10
LogDevObjectVersion:   Dev-Physics-Ext (35F94A83-E258-406C-A318-09F59610247C): 37
LogDevObjectVersion:   Dev-PhysicsMaterial-Chaos (B68FC16E-8B1B-42E2-B453-215C058844FE): 1
LogDevObjectVersion:   Dev-CineCamera (B2E18506-4273-CFC2-A54E-F4BB758BBA07): 1
LogInit: Presizing for max 25165824 objects, including 0 objects not considered by GC, pre-allocating 0 bytes for permanent pool.
LogConfig: Applying CVar settings from Section [/Script/Engine.StreamingSettings] File [C:/Users/Ben/Documents/Unreal Projects/ToonTanks/Saved/Config/Windows/Engine.ini]
LogConfig: Setting CVar [[s.MinBulkDataSizeForAsyncLoading:131072]]
LogConfig: Setting CVar [[s.AsyncLoadingThreadEnabled:0]]
LogConfig: Setting CVar [[s.EventDrivenLoaderEnabled:1]]
LogConfig: Setting CVar [[s.WarnIfTimeLimitExceeded:0]]
LogConfig: Setting CVar [[s.TimeLimitExceededMultiplier:1.5]]
LogConfig: Setting CVar [[s.TimeLimitExceededMinTime:0.005]]
LogConfig: Setting CVar [[s.UseBackgroundLevelStreaming:1]]
LogConfig: Setting CVar [[s.PriorityAsyncLoadingExtraTime:15.0]]
LogConfig: Setting CVar [[s.LevelStreamingActorsUpdateTimeLimit:5.0]]
LogConfig: Setting CVar [[s.PriorityLevelStreamingActorsUpdateExtraTime:5.0]]
LogConfig: Setting CVar [[s.LevelStreamingComponentsRegistrationGranularity:10]]
LogConfig: Setting CVar [[s.UnregisterComponentsTimeLimit:1.0]]
LogConfig: Setting CVar [[s.LevelStreamingComponentsUnregistrationGranularity:5]]
LogConfig: Setting CVar [[s.FlushStreamingOnExit:1]]
LogInit: Object subsystem initialized
LogConfig: Setting CVar [[con.DebugEarlyDefault:1]]
LogConfig: Setting CVar [[r.setres:1280x720]]
[2020.08.11-22.52.05:741][  0]LogConfig: Setting CVar [[r.VSync:0]]
[2020.08.11-22.52.05:741][  0]LogConfig: Setting CVar [[r.RHICmdBypass:0]]
[2020.08.11-22.52.05:741][  0]LogConfig: Applying CVar settings from Section [/Script/Engine.RendererSettings] File [C:/Users/Ben/Documents/Unreal Projects/ToonTanks/Saved/Config/Windows/Engine.ini]
[2020.08.11-22.52.05:741][  0]LogConfig: Setting CVar [[r.GPUCrashDebugging:0]]
[2020.08.11-22.52.05:741][  0]LogConfig: Setting CVar [[r.DefaultFeature.AutoExposure.ExtendDefaultLuminanceRange:1]]
[2020.08.11-22.52.05:741][  0]LogConfig: Setting CVar [[r.DefaultFeature.AutoExposure:0]]
[2020.08.11-22.52.05:741][  0]LogConfig: Applying CVar settings from Section [/Script/Engine.RendererOverrideSettings] File [C:/Users/Ben/Documents/Unreal Projects/ToonTanks/Saved/Config/Windows/Engine.ini]
[2020.08.11-22.52.05:741][  0]LogConfig: Applying CVar settings from Section [/Script/Engine.StreamingSettings] File [C:/Users/Ben/Documents/Unreal Projects/ToonTanks/Saved/Config/Windows/Engine.ini]
[2020.08.11-22.52.05:741][  0]LogConfig: Setting CVar [[s.MinBulkDataSizeForAsyncLoading:131072]]
[2020.08.11-22.52.05:741][  0]LogConfig: Setting CVar [[s.AsyncLoadingThreadEnabled:0]]
[2020.08.11-22.52.05:741][  0]LogConfig: Setting CVar [[s.EventDrivenLoaderEnabled:1]]
[2020.08.11-22.52.05:741][  0]LogConfig: Setting CVar [[s.WarnIfTimeLimitExceeded:0]]
[2020.08.11-22.52.05:741][  0]LogConfig: Setting CVar [[s.TimeLimitExceededMultiplier:1.5]]
[2020.08.11-22.52.05:741][  0]LogConfig: Setting CVar [[s.TimeLimitExceededMinTime:0.005]]
[2020.08.11-22.52.05:741][  0]LogConfig: Setting CVar [[s.UseBackgroundLevelStreaming:1]]
[2020.08.11-22.52.05:741][  0]LogConfig: Setting CVar [[s.PriorityAsyncLoadingExtraTime:15.0]]
[2020.08.11-22.52.05:741][  0]LogConfig: Setting CVar [[s.LevelStreamingActorsUpdateTimeLimit:5.0]]
[2020.08.11-22.52.05:741][  0]LogConfig: Setting CVar [[s.PriorityLevelStreamingActorsUpdateExtraTime:5.0]]
[2020.08.11-22.52.05:741][  0]LogConfig: Setting CVar [[s.LevelStreamingComponentsRegistrationGranularity:10]]
[2020.08.11-22.52.05:741][  0]LogConfig: Setting CVar [[s.UnregisterComponentsTimeLimit:1.0]]
[2020.08.11-22.52.05:742][  0]LogConfig: Setting CVar [[s.LevelStreamingComponentsUnregistrationGranularity:5]]
[2020.08.11-22.52.05:742][  0]LogConfig: Setting CVar [[s.FlushStreamingOnExit:1]]
[2020.08.11-22.52.05:742][  0]LogConfig: Applying CVar settings from Section [/Script/Engine.GarbageCollectionSettings] File [C:/Users/Ben/Documents/Unreal Projects/ToonTanks/Saved/Config/Windows/Engine.ini]
[2020.08.11-22.52.05:742][  0]LogConfig: Setting CVar [[gc.MaxObjectsNotConsideredByGC:1]]
[2020.08.11-22.52.05:742][  0]LogConfig: Setting CVar [[gc.SizeOfPermanentObjectPool:0]]
[2020.08.11-22.52.05:742][  0]LogConfig: Setting CVar [[gc.FlushStreamingOnGC:0]]
[2020.08.11-22.52.05:742][  0]LogConfig: Setting CVar [[gc.NumRetriesBeforeForcingGC:10]]
[2020.08.11-22.52.05:742][  0]LogConfig: Setting CVar [[gc.AllowParallelGC:1]]
[2020.08.11-22.52.05:742][  0]LogConfig: Setting CVar [[gc.TimeBetweenPurgingPendingKillObjects:61.1]]
[2020.08.11-22.52.05:742][  0]LogConfig: Setting CVar [[gc.MaxObjectsInEditor:25165824]]
[2020.08.11-22.52.05:742][  0]LogConfig: Setting CVar [[gc.IncrementalBeginDestroyEnabled:1]]
[2020.08.11-22.52.05:742][  0]LogConfig: Setting CVar [[gc.CreateGCClusters:1]]
[2020.08.11-22.52.05:742][  0]LogConfig: Setting CVar [[gc.MinGCClusterSize:5]]
[2020.08.11-22.52.05:742][  0]LogConfig: Setting CVar [[gc.ActorClusteringEnabled:0]]
[2020.08.11-22.52.05:742][  0]LogConfig: Setting CVar [[gc.BlueprintClusteringEnabled:0]]
[2020.08.11-22.52.05:742][  0]LogConfig: Setting CVar [[gc.UseDisregardForGCOnDedicatedServers:0]]
[2020.08.11-22.52.05:742][  0]LogConfig: Applying CVar settings from Section [/Script/Engine.NetworkSettings] File [C:/Users/Ben/Documents/Unreal Projects/ToonTanks/Saved/Config/Windows/Engine.ini]
[2020.08.11-22.52.05:742][  0]LogConfig: Applying CVar settings from Section [/Script/UnrealEd.CookerSettings] File [C:/Users/Ben/Documents/Unreal Projects/ToonTanks/Saved/Config/Windows/Engine.ini]
[2020.08.11-22.52.05:744][  0]LogConfig: Applying CVar settings from Section [ViewDistanceQuality@3] File [C:/Users/Ben/Documents/Unreal Projects/ToonTanks/Saved/Config/Windows/Scalability.ini]
[2020.08.11-22.52.05:744][  0]LogConfig: Setting CVar [[r.SkeletalMeshLODBias:0]]
[2020.08.11-22.52.05:744][  0]LogConfig: Setting CVar [[r.ViewDistanceScale:1.0]]
[2020.08.11-22.52.05:744][  0]LogConfig: Applying CVar settings from Section [AntiAliasingQuality@3] File [C:/Users/Ben/Documents/Unreal Projects/ToonTanks/Saved/Config/Windows/Scalability.ini]
[2020.08.11-22.52.05:744][  0]LogConfig: Setting CVar [[r.PostProcessAAQuality:4]]
[2020.08.11-22.52.05:745][  0]LogConfig: Applying CVar settings from Section [ShadowQuality@3] File [C:/Users/Ben/Documents/Unreal Projects/ToonTanks/Saved/Config/Windows/Scalability.ini]
[2020.08.11-22.52.05:745][  0]LogConfig: Setting CVar [[r.LightFunctionQuality:1]]
[2020.08.11-22.52.05:745][  0]LogConfig: Setting CVar [[r.ShadowQuality:5]]
[2020.08.11-22.52.05:745][  0]LogConfig: Setting CVar [[r.Shadow.CSM.MaxCascades:10]]
[2020.08.11-22.52.05:745][  0]LogConfig: Setting CVar [[r.Shadow.MaxResolution:2048]]
[2020.08.11-22.52.05:745][  0]LogConfig: Setting CVar [[r.Shadow.MaxCSMResolution:2048]]
[2020.08.11-22.52.05:745][  0]LogConfig: Setting CVar [[r.Shadow.RadiusThreshold:0.01]]
[2020.08.11-22.52.05:745][  0]LogConfig: Setting CVar [[r.Shadow.DistanceScale:1.0]]
[2020.08.11-22.52.05:745][  0]LogConfig: Setting CVar [[r.Shadow.CSM.TransitionScale:1.0]]
[2020.08.11-22.52.05:745][  0]LogConfig: Setting CVar [[r.Shadow.PreShadowResolutionFactor:1.0]]
[2020.08.11-22.52.05:745][  0]LogConfig: Setting CVar [[r.DistanceFieldShadowing:1]]
[2020.08.11-22.52.05:745][  0]LogConfig: Setting CVar [[r.DistanceFieldAO:1]]
[2020.08.11-22.52.05:745][  0]LogConfig: Setting CVar [[r.AOQuality:2]]
[2020.08.11-22.52.05:745][  0]LogConfig: Setting CVar [[r.VolumetricFog:1]]
[2020.08.11-22.52.05:745][  0]LogConfig: Setting CVar [[r.VolumetricFog.GridPixelSize:8]]
[2020.08.11-22.52.05:745][  0]LogConfig: Setting CVar [[r.VolumetricFog.GridSizeZ:128]]
[2020.08.11-22.52.05:745][  0]LogConfig: Setting CVar [[r.VolumetricFog.HistoryMissSupersampleCount:4]]
[2020.08.11-22.52.05:745][  0]LogConfig: Setting CVar [[r.LightMaxDrawDistanceScale:1]]
[2020.08.11-22.52.05:745][  0]LogConfig: Setting CVar [[r.CapsuleShadows:1]]
[2020.08.11-22.52.05:745][  0]LogConfig: Applying CVar settings from Section [PostProcessQuality@3] File [C:/Users/Ben/Documents/Unreal Projects/ToonTanks/Saved/Config/Windows/Scalability.ini]
[2020.08.11-22.52.05:745][  0]LogConfig: Setting CVar [[r.MotionBlurQuality:4]]
[2020.08.11-22.52.05:745][  0]LogConfig: Setting CVar [[r.AmbientOcclusionMipLevelFactor:0.4]]
[2020.08.11-22.52.05:745][  0]LogConfig: Setting CVar [[r.AmbientOcclusionMaxQuality:100]]
[2020.08.11-22.52.05:745][  0]LogConfig: Setting CVar [[r.AmbientOcclusionLevels:-1]]
[2020.08.11-22.52.05:745][  0]LogConfig: Setting CVar [[r.AmbientOcclusionRadiusScale:1.0]]
[2020.08.11-22.52.05:745][  0]LogConfig: Setting CVar [[r.DepthOfFieldQuality:2]]
[2020.08.11-22.52.05:745][  0]LogConfig: Setting CVar [[r.RenderTargetPoolMin:400]]
[2020.08.11-22.52.05:745][  0]LogConfig: Setting CVar [[r.LensFlareQuality:2]]
[2020.08.11-22.52.05:745][  0]LogConfig: Setting CVar [[r.SceneColorFringeQuality:1]]
[2020.08.11-22.52.05:745][  0]LogConfig: Setting CVar [[r.EyeAdaptationQuality:2]]
[2020.08.11-22.52.05:745][  0]LogConfig: Setting CVar [[r.BloomQuality:5]]
[2020.08.11-22.52.05:745][  0]LogConfig: Setting CVar [[r.FastBlurThreshold:100]]
[2020.08.11-22.52.05:745][  0]LogConfig: Setting CVar [[r.Upscale.Quality:3]]
[2020.08.11-22.52.05:745][  0]LogConfig: Setting CVar [[r.Tonemapper.GrainQuantization:1]]
[2020.08.11-22.52.05:745][  0]LogConfig: Setting CVar [[r.LightShaftQuality:1]]
[2020.08.11-22.52.05:745][  0]LogConfig: Setting CVar [[r.Filter.SizeScale:1]]
[2020.08.11-22.52.05:745][  0]LogConfig: Setting CVar [[r.Tonemapper.Quality:5]]
[2020.08.11-22.52.05:745][  0]LogConfig: Setting CVar [[r.DOF.Gather.AccumulatorQuality:1        ; higher gathering accumulator quality]]
[2020.08.11-22.52.05:745][  0]LogConfig: Setting CVar [[r.DOF.Gather.PostfilterMethod:1          ; Median3x3 postfilering method]]
[2020.08.11-22.52.05:745][  0]LogConfig: Setting CVar [[r.DOF.Gather.EnableBokehSettings:0       ; no bokeh simulation when gathering]]
[2020.08.11-22.52.05:745][  0]LogConfig: Setting CVar [[r.DOF.Gather.RingCount:4                 ; medium number of samples when gathering]]
[2020.08.11-22.52.05:745][  0]LogConfig: Setting CVar [[r.DOF.Scatter.ForegroundCompositing:1    ; additive foreground scattering]]
[2020.08.11-22.52.05:745][  0]LogConfig: Setting CVar [[r.DOF.Scatter.BackgroundCompositing:2    ; additive background scattering]]
[2020.08.11-22.52.05:745][  0]LogConfig: Setting CVar [[r.DOF.Scatter.EnableBokehSettings:1      ; bokeh simulation when scattering]]
[2020.08.11-22.52.05:745][  0]LogConfig: Setting CVar [[r.DOF.Scatter.MaxSpriteRatio:0.1         ; only a maximum of 10% of scattered bokeh]]
[2020.08.11-22.52.05:745][  0]LogConfig: Setting CVar [[r.DOF.Recombine.Quality:1                ; cheap slight out of focus]]
[2020.08.11-22.52.05:745][  0]LogConfig: Setting CVar [[r.DOF.Recombine.EnableBokehSettings:0    ; no bokeh simulation on slight out of focus]]
[2020.08.11-22.52.05:745][  0]LogConfig: Setting CVar [[r.DOF.TemporalAAQuality:1                ; more stable temporal accumulation]]
[2020.08.11-22.52.05:745][  0]LogConfig: Setting CVar [[r.DOF.Kernel.MaxForegroundRadius:0.025]]
[2020.08.11-22.52.05:745][  0]LogConfig: Setting CVar [[r.DOF.Kernel.MaxBackgroundRadius:0.025]]
[2020.08.11-22.52.05:745][  0]LogConfig: Applying CVar settings from Section [TextureQuality@3] File [C:/Users/Ben/Documents/Unreal Projects/ToonTanks/Saved/Config/Windows/Scalability.ini]
[2020.08.11-22.52.05:745][  0]LogConfig: Setting CVar [[r.Streaming.MipBias:0]]
[2020.08.11-22.52.05:745][  0]LogConfig: Setting CVar [[r.Streaming.AmortizeCPUToGPUCopy:0]]
[2020.08.11-22.52.05:745][  0]LogConfig: Setting CVar [[r.Streaming.MaxNumTexturesToStreamPerFrame:0]]
[2020.08.11-22.52.05:745][  0]LogConfig: Setting CVar [[r.Streaming.Boost:1]]
[2020.08.11-22.52.05:745][  0]LogConfig: Setting CVar [[r.MaxAnisotropy:8]]
[2020.08.11-22.52.05:745][  0]LogConfig: Setting CVar [[r.VT.MaxAnisotropy:8]]
[2020.08.11-22.52.05:745][  0]LogConfig: Setting CVar [[r.Streaming.LimitPoolSizeToVRAM:0]]
[2020.08.11-22.52.05:745][  0]LogConfig: Setting CVar [[r.Streaming.PoolSize:1000]]
[2020.08.11-22.52.05:745][  0]LogConfig: Setting CVar [[r.Streaming.MaxEffectiveScreenSize:0]]
[2020.08.11-22.52.05:745][  0]LogConfig: Applying CVar settings from Section [EffectsQuality@3] File [C:/Users/Ben/Documents/Unreal Projects/ToonTanks/Saved/Config/Windows/Scalability.ini]
[2020.08.11-22.52.05:745][  0]LogConfig: Setting CVar [[r.TranslucencyLightingVolumeDim:64]]
[2020.08.11-22.52.05:745][  0]LogConfig: Setting CVar [[r.RefractionQuality:2]]
[2020.08.11-22.52.05:745][  0]LogConfig: Setting CVar [[r.SSR.Quality:3]]
[2020.08.11-22.52.05:745][  0]LogConfig: Setting CVar [[r.SSR.HalfResSceneColor:0]]
[2020.08.11-22.52.05:745][  0]LogConfig: Setting CVar [[r.SceneColorFormat:4]]
[2020.08.11-22.52.05:745][  0]LogConfig: Setting CVar [[r.DetailMode:2]]
[2020.08.11-22.52.05:745][  0]LogConfig: Setting CVar [[r.TranslucencyVolumeBlur:1]]
[2020.08.11-22.52.05:745][  0]LogConfig: Setting CVar [[r.MaterialQualityLevel:1 ; High quality]]
[2020.08.11-22.52.05:745][  0]LogConfig: Setting CVar [[r.SSS.Scale:1]]
[2020.08.11-22.52.05:745][  0]LogConfig: Setting CVar [[r.SSS.SampleSet:2]]
[2020.08.11-22.52.05:745][  0]LogConfig: Setting CVar [[r.SSS.Quality:1]]
[2020.08.11-22.52.05:745][  0]LogConfig: Setting CVar [[r.SSS.HalfRes:0]]
[2020.08.11-22.52.05:746][  0]LogConfig: Setting CVar [[r.SSGI.Quality:3]]
[2020.08.11-22.52.05:746][  0]LogConfig: Setting CVar [[r.EmitterSpawnRateScale:1.0]]
[2020.08.11-22.52.05:746][  0]LogConfig: Setting CVar [[r.ParticleLightQuality:2]]
[2020.08.11-22.52.05:746][  0]LogConfig: Setting CVar [[r.SkyAtmosphere.AerialPerspectiveLUT.FastApplyOnOpaque:1 ; Always have FastSkyLUT 1 in this case to avoid wrong sky]]
[2020.08.11-22.52.05:746][  0]LogConfig: Setting CVar [[r.SkyAtmosphere.AerialPerspectiveLUT.SampleCountPerSlice:1]]
[2020.08.11-22.52.05:746][  0]LogConfig: Setting CVar [[r.SkyAtmosphere.AerialPerspectiveLUT.DepthResolution:16.0]]
[2020.08.11-22.52.05:746][  0]LogConfig: Setting CVar [[r.SkyAtmosphere.FastSkyLUT:1]]
[2020.08.11-22.52.05:746][  0]LogConfig: Setting CVar [[r.SkyAtmosphere.FastSkyLUT.SampleCountMin:4.0]]
[2020.08.11-22.52.05:746][  0]LogConfig: Setting CVar [[r.SkyAtmosphere.FastSkyLUT.SampleCountMax:32.0]]
[2020.08.11-22.52.05:746][  0]LogConfig: Setting CVar [[r.SkyAtmosphere.SampleCountMin:4.0]]
[2020.08.11-22.52.05:746][  0]LogConfig: Setting CVar [[r.SkyAtmosphere.SampleCountMax:32.0]]
[2020.08.11-22.52.05:746][  0]LogConfig: Setting CVar [[r.SkyAtmosphere.TransmittanceLUT.UseSmallFormat:0]]
[2020.08.11-22.52.05:746][  0]LogConfig: Setting CVar [[r.SkyAtmosphere.TransmittanceLUT.SampleCount:10.0]]
[2020.08.11-22.52.05:746][  0]LogConfig: Setting CVar [[r.SkyAtmosphere.MultiScatteringLUT.SampleCount:15.0]]
[2020.08.11-22.52.05:746][  0]LogConfig: Applying CVar settings from Section [FoliageQuality@3] File [C:/Users/Ben/Documents/Unreal Projects/ToonTanks/Saved/Config/Windows/Scalability.ini]
[2020.08.11-22.52.05:746][  0]LogConfig: Setting CVar [[foliage.DensityScale:1.0]]
[2020.08.11-22.52.05:746][  0]LogConfig: Setting CVar [[grass.DensityScale:1.0]]
[2020.08.11-22.52.05:746][  0]LogConfig: Applying CVar settings from Section [ShadingQuality@3] File [C:/Users/Ben/Documents/Unreal Projects/ToonTanks/Saved/Config/Windows/Scalability.ini]
[2020.08.11-22.52.05:746][  0]LogConfig: Setting CVar [[r.HairStrands.SkyLighting.SampleCount:16]]
[2020.08.11-22.52.05:746][  0]LogConfig: Setting CVar [[r.HairStrands.SkyLighting.JitterIntegration:0]]
[2020.08.11-22.52.05:746][  0]LogConfig: Setting CVar [[r.HairStrands.SkyAO.SampleCount:16]]
[2020.08.11-22.52.05:746][  0]LogConfig: Setting CVar [[r.HairStrands.DeepShadow.SuperSampling:0]]
[2020.08.11-22.52.05:746][  0]LogConfig: Setting CVar [[r.HairStrands.VisibilityPPLL:0]]
[2020.08.11-22.52.05:746][  0]LogConfig: Setting CVar [[r.HairStrands.RasterizationScale:0.5]]
[2020.08.11-22.52.05:746][  0]LogConfig: Setting CVar [[r.HairStrands.VelocityRasterizationScale:1]]
[2020.08.11-22.52.05:746][  0]LogInit: Selected Device Profile: [Windows]
[2020.08.11-22.52.05:746][  0]LogInit: Applying CVar settings loaded from the selected device profile: [Windows]
[2020.08.11-22.52.05:746][  0]LogHAL: Display: Platform has ~ 16 GB [17035018240 / 17179869184 / 16], which maps to Larger [LargestMinGB=32, LargerMinGB=12, DefaultMinGB=8, SmallerMinGB=6, SmallestMinGB=0)
[2020.08.11-22.52.05:746][  0]LogInit: Going up to parent DeviceProfile []
[2020.08.11-22.52.05:746][  0]LogConfig: Applying CVar settings from Section [ViewDistanceQuality@3] File [C:/Users/Ben/Documents/Unreal Projects/ToonTanks/Saved/Config/Windows/Scalability.ini]
[2020.08.11-22.52.05:746][  0]LogConfig: Setting CVar [[r.SkeletalMeshLODBias:0]]
[2020.08.11-22.52.05:746][  0]LogConfig: Setting CVar [[r.ViewDistanceScale:1.0]]
[2020.08.11-22.52.05:746][  0]LogConfig: Applying CVar settings from Section [AntiAliasingQuality@3] File [C:/Users/Ben/Documents/Unreal Projects/ToonTanks/Saved/Config/Windows/Scalability.ini]
[2020.08.11-22.52.05:746][  0]LogConfig: Setting CVar [[r.PostProcessAAQuality:4]]
[2020.08.11-22.52.05:746][  0]LogConfig: Applying CVar settings from Section [ShadowQuality@3] File [C:/Users/Ben/Documents/Unreal Projects/ToonTanks/Saved/Config/Windows/Scalability.ini]
[2020.08.11-22.52.05:746][  0]LogConfig: Setting CVar [[r.LightFunctionQuality:1]]
[2020.08.11-22.52.05:746][  0]LogConfig: Setting CVar [[r.ShadowQuality:5]]
[2020.08.11-22.52.05:746][  0]LogConfig: Setting CVar [[r.Shadow.CSM.MaxCascades:10]]
[2020.08.11-22.52.05:746][  0]LogConfig: Setting CVar [[r.Shadow.MaxResolution:2048]]
[2020.08.11-22.52.05:746][  0]LogConfig: Setting CVar [[r.Shadow.MaxCSMResolution:2048]]
[2020.08.11-22.52.05:746][  0]LogConfig: Setting CVar [[r.Shadow.RadiusThreshold:0.01]]
[2020.08.11-22.52.05:746][  0]LogConfig: Setting CVar [[r.Shadow.DistanceScale:1.0]]
[2020.08.11-22.52.05:746][  0]LogConfig: Setting CVar [[r.Shadow.CSM.TransitionScale:1.0]]
[2020.08.11-22.52.05:746][  0]LogConfig: Setting CVar [[r.Shadow.PreShadowResolutionFactor:1.0]]
[2020.08.11-22.52.05:746][  0]LogConfig: Setting CVar [[r.DistanceFieldShadowing:1]]
[2020.08.11-22.52.05:746][  0]LogConfig: Setting CVar [[r.DistanceFieldAO:1]]
[2020.08.11-22.52.05:746][  0]LogConfig: Setting CVar [[r.AOQuality:2]]
[2020.08.11-22.52.05:746][  0]LogConfig: Setting CVar [[r.VolumetricFog:1]]
[2020.08.11-22.52.05:746][  0]LogConfig: Setting CVar [[r.VolumetricFog.GridPixelSize:8]]
[2020.08.11-22.52.05:746][  0]LogConfig: Setting CVar [[r.VolumetricFog.GridSizeZ:128]]
[2020.08.11-22.52.05:746][  0]LogConfig: Setting CVar [[r.VolumetricFog.HistoryMissSupersampleCount:4]]
[2020.08.11-22.52.05:746][  0]LogConfig: Setting CVar [[r.LightMaxDrawDistanceScale:1]]
[2020.08.11-22.52.05:746][  0]LogConfig: Setting CVar [[r.CapsuleShadows:1]]
[2020.08.11-22.52.05:746][  0]LogConfig: Applying CVar settings from Section [PostProcessQuality@3] File [C:/Users/Ben/Documents/Unreal Projects/ToonTanks/Saved/Config/Windows/Scalability.ini]
[2020.08.11-22.52.05:746][  0]LogConfig: Setting CVar [[r.MotionBlurQuality:4]]
[2020.08.11-22.52.05:746][  0]LogConfig: Setting CVar [[r.AmbientOcclusionMipLevelFactor:0.4]]
[2020.08.11-22.52.05:746][  0]LogConfig: Setting CVar [[r.AmbientOcclusionMaxQuality:100]]
[2020.08.11-22.52.05:746][  0]LogConfig: Setting CVar [[r.AmbientOcclusionLevels:-1]]
[2020.08.11-22.52.05:746][  0]LogConfig: Setting CVar [[r.AmbientOcclusionRadiusScale:1.0]]
[2020.08.11-22.52.05:746][  0]LogConfig: Setting CVar [[r.DepthOfFieldQuality:2]]
[2020.08.11-22.52.05:746][  0]LogConfig: Setting CVar [[r.RenderTargetPoolMin:400]]
[2020.08.11-22.52.05:746][  0]LogConfig: Setting CVar [[r.LensFlareQuality:2]]
[2020.08.11-22.52.05:746][  0]LogConfig: Setting CVar [[r.SceneColorFringeQuality:1]]
[2020.08.11-22.52.05:747][  0]LogConfig: Setting CVar [[r.EyeAdaptationQuality:2]]
[2020.08.11-22.52.05:747][  0]LogConfig: Setting CVar [[r.BloomQuality:5]]
[2020.08.11-22.52.05:747][  0]LogConfig: Setting CVar [[r.FastBlurThreshold:100]]
[2020.08.11-22.52.05:747][  0]LogConfig: Setting CVar [[r.Upscale.Quality:3]]
[2020.08.11-22.52.05:747][  0]LogConfig: Setting CVar [[r.Tonemapper.GrainQuantization:1]]
[2020.08.11-22.52.05:747][  0]LogConfig: Setting CVar [[r.LightShaftQuality:1]]
[2020.08.11-22.52.05:747][  0]LogConfig: Setting CVar [[r.Filter.SizeScale:1]]
[2020.08.11-22.52.05:747][  0]LogConfig: Setting CVar [[r.Tonemapper.Quality:5]]
[2020.08.11-22.52.05:747][  0]LogConfig: Setting CVar [[r.DOF.Gather.AccumulatorQuality:1        ; higher gathering accumulator quality]]
[2020.08.11-22.52.05:747][  0]LogConfig: Setting CVar [[r.DOF.Gather.PostfilterMethod:1          ; Median3x3 postfilering method]]
[2020.08.11-22.52.05:747][  0]LogConfig: Setting CVar [[r.DOF.Gather.EnableBokehSettings:0       ; no bokeh simulation when gathering]]
[2020.08.11-22.52.05:747][  0]LogConfig: Setting CVar [[r.DOF.Gather.RingCount:4                 ; medium number of samples when gathering]]
[2020.08.11-22.52.05:747][  0]LogConfig: Setting CVar [[r.DOF.Scatter.ForegroundCompositing:1    ; additive foreground scattering]]
[2020.08.11-22.52.05:747][  0]LogConfig: Setting CVar [[r.DOF.Scatter.BackgroundCompositing:2    ; additive background scattering]]
[2020.08.11-22.52.05:747][  0]LogConfig: Setting CVar [[r.DOF.Scatter.EnableBokehSettings:1      ; bokeh simulation when scattering]]
[2020.08.11-22.52.05:747][  0]LogConfig: Setting CVar [[r.DOF.Scatter.MaxSpriteRatio:0.1         ; only a maximum of 10% of scattered bokeh]]
[2020.08.11-22.52.05:747][  0]LogConfig: Setting CVar [[r.DOF.Recombine.Quality:1                ; cheap slight out of focus]]
[2020.08.11-22.52.05:747][  0]LogConfig: Setting CVar [[r.DOF.Recombine.EnableBokehSettings:0    ; no bokeh simulation on slight out of focus]]
[2020.08.11-22.52.05:747][  0]LogConfig: Setting CVar [[r.DOF.TemporalAAQuality:1                ; more stable temporal accumulation]]
[2020.08.11-22.52.05:747][  0]LogConfig: Setting CVar [[r.DOF.Kernel.MaxForegroundRadius:0.025]]
[2020.08.11-22.52.05:747][  0]LogConfig: Setting CVar [[r.DOF.Kernel.MaxBackgroundRadius:0.025]]
[2020.08.11-22.52.05:747][  0]LogConfig: Applying CVar settings from Section [TextureQuality@3] File [C:/Users/Ben/Documents/Unreal Projects/ToonTanks/Saved/Config/Windows/Scalability.ini]
[2020.08.11-22.52.05:747][  0]LogConfig: Setting CVar [[r.Streaming.MipBias:0]]
[2020.08.11-22.52.05:747][  0]LogConfig: Setting CVar [[r.Streaming.AmortizeCPUToGPUCopy:0]]
[2020.08.11-22.52.05:747][  0]LogConfig: Setting CVar [[r.Streaming.MaxNumTexturesToStreamPerFrame:0]]
[2020.08.11-22.52.05:747][  0]LogConfig: Setting CVar [[r.Streaming.Boost:1]]
[2020.08.11-22.52.05:747][  0]LogConfig: Setting CVar [[r.MaxAnisotropy:8]]
[2020.08.11-22.52.05:747][  0]LogConfig: Setting CVar [[r.VT.MaxAnisotropy:8]]
[2020.08.11-22.52.05:747][  0]LogConfig: Setting CVar [[r.Streaming.LimitPoolSizeToVRAM:0]]
[2020.08.11-22.52.05:747][  0]LogConfig: Setting CVar [[r.Streaming.PoolSize:1000]]
[2020.08.11-22.52.05:747][  0]LogConfig: Setting CVar [[r.Streaming.MaxEffectiveScreenSize:0]]
[2020.08.11-22.52.05:747][  0]LogConfig: Applying CVar settings from Section [EffectsQuality@3] File [C:/Users/Ben/Documents/Unreal Projects/ToonTanks/Saved/Config/Windows/Scalability.ini]
[2020.08.11-22.52.05:747][  0]LogConfig: Setting CVar [[r.TranslucencyLightingVolumeDim:64]]
[2020.08.11-22.52.05:747][  0]LogConfig: Setting CVar [[r.RefractionQuality:2]]
[2020.08.11-22.52.05:747][  0]LogConfig: Setting CVar [[r.SSR.Quality:3]]
[2020.08.11-22.52.05:747][  0]LogConfig: Setting CVar [[r.SSR.HalfResSceneColor:0]]
[2020.08.11-22.52.05:747][  0]LogConfig: Setting CVar [[r.SceneColorFormat:4]]
[2020.08.11-22.52.05:747][  0]LogConfig: Setting CVar [[r.DetailMode:2]]
[2020.08.11-22.52.05:747][  0]LogConfig: Setting CVar [[r.TranslucencyVolumeBlur:1]]
[2020.08.11-22.52.05:747][  0]LogConfig: Setting CVar [[r.MaterialQualityLevel:1 ; High quality]]
[2020.08.11-22.52.05:747][  0]LogConfig: Setting CVar [[r.SSS.Scale:1]]
[2020.08.11-22.52.05:747][  0]LogConfig: Setting CVar [[r.SSS.SampleSet:2]]
[2020.08.11-22.52.05:747][  0]LogConfig: Setting CVar [[r.SSS.Quality:1]]
[2020.08.11-22.52.05:747][  0]LogConfig: Setting CVar [[r.SSS.HalfRes:0]]
[2020.08.11-22.52.05:747][  0]LogConfig: Setting CVar [[r.SSGI.Quality:3]]
[2020.08.11-22.52.05:747][  0]LogConfig: Setting CVar [[r.EmitterSpawnRateScale:1.0]]
[2020.08.11-22.52.05:747][  0]LogConfig: Setting CVar [[r.ParticleLightQuality:2]]
[2020.08.11-22.52.05:747][  0]LogConfig: Setting CVar [[r.SkyAtmosphere.AerialPerspectiveLUT.FastApplyOnOpaque:1 ; Always have FastSkyLUT 1 in this case to avoid wrong sky]]
[2020.08.11-22.52.05:747][  0]LogConfig: Setting CVar [[r.SkyAtmosphere.AerialPerspectiveLUT.SampleCountPerSlice:1]]
[2020.08.11-22.52.05:747][  0]LogConfig: Setting CVar [[r.SkyAtmosphere.AerialPerspectiveLUT.DepthResolution:16.0]]
[2020.08.11-22.52.05:747][  0]LogConfig: Setting CVar [[r.SkyAtmosphere.FastSkyLUT:1]]
[2020.08.11-22.52.05:747][  0]LogConfig: Setting CVar [[r.SkyAtmosphere.FastSkyLUT.SampleCountMin:4.0]]
[2020.08.11-22.52.05:747][  0]LogConfig: Setting CVar [[r.SkyAtmosphere.FastSkyLUT.SampleCountMax:32.0]]
[2020.08.11-22.52.05:747][  0]LogConfig: Setting CVar [[r.SkyAtmosphere.SampleCountMin:4.0]]
[2020.08.11-22.52.05:747][  0]LogConfig: Setting CVar [[r.SkyAtmosphere.SampleCountMax:32.0]]
[2020.08.11-22.52.05:747][  0]LogConfig: Setting CVar [[r.SkyAtmosphere.TransmittanceLUT.UseSmallFormat:0]]
[2020.08.11-22.52.05:747][  0]LogConfig: Setting CVar [[r.SkyAtmosphere.TransmittanceLUT.SampleCount:10.0]]
[2020.08.11-22.52.05:747][  0]LogConfig: Setting CVar [[r.SkyAtmosphere.MultiScatteringLUT.SampleCount:15.0]]
[2020.08.11-22.52.05:747][  0]LogConfig: Applying CVar settings from Section [FoliageQuality@3] File [C:/Users/Ben/Documents/Unreal Projects/ToonTanks/Saved/Config/Windows/Scalability.ini]
[2020.08.11-22.52.05:747][  0]LogConfig: Setting CVar [[foliage.DensityScale:1.0]]
[2020.08.11-22.52.05:747][  0]LogConfig: Setting CVar [[grass.DensityScale:1.0]]
[2020.08.11-22.52.05:747][  0]LogConfig: Applying CVar settings from Section [ShadingQuality@3] File [C:/Users/Ben/Documents/Unreal Projects/ToonTanks/Saved/Config/Windows/Scalability.ini]
[2020.08.11-22.52.05:747][  0]LogConfig: Setting CVar [[r.HairStrands.SkyLighting.SampleCount:16]]
[2020.08.11-22.52.05:747][  0]LogConfig: Setting CVar [[r.HairStrands.SkyLighting.JitterIntegration:0]]
[2020.08.11-22.52.05:747][  0]LogConfig: Setting CVar [[r.HairStrands.SkyAO.SampleCount:16]]
[2020.08.11-22.52.05:747][  0]LogConfig: Setting CVar [[r.HairStrands.DeepShadow.SuperSampling:0]]
[2020.08.11-22.52.05:747][  0]LogConfig: Setting CVar [[r.HairStrands.VisibilityPPLL:0]]
[2020.08.11-22.52.05:747][  0]LogConfig: Setting CVar [[r.HairStrands.RasterizationScale:0.5]]
[2020.08.11-22.52.05:747][  0]LogConfig: Setting CVar [[r.HairStrands.VelocityRasterizationScale:1]]
[2020.08.11-22.52.05:747][  0]LogConfig: Applying CVar settings from Section [Startup] File [../../../Engine/Config/ConsoleVariables.ini]
[2020.08.11-22.52.05:748][  0]LogConfig: Setting CVar [[net.UseAdaptiveNetUpdateFrequency:0]]
[2020.08.11-22.52.05:748][  0]LogConfig: Setting CVar [[p.chaos.AllowCreatePhysxBodies:1]]
[2020.08.11-22.52.05:748][  0]LogConfig: Setting CVar [[fx.SkipVectorVMBackendOptimizations:1]]
[2020.08.11-22.52.05:748][  0]LogConfig: Applying CVar settings from Section [ConsoleVariables] File [C:/Users/Ben/Documents/Unreal Projects/ToonTanks/Saved/Config/Windows/Engine.ini]
[2020.08.11-22.52.05:748][  0]LogInit: Computer: DESKTOP-L8ML4S3
[2020.08.11-22.52.05:748][  0]LogInit: User: Ben
[2020.08.11-22.52.05:748][  0]LogInit: CPU Page size=4096, Cores=4
[2020.08.11-22.52.05:748][  0]LogInit: High frequency timer resolution =10.000000 MHz
[2020.08.11-22.52.05:748][  0]LogMemory: Memory total: Physical=15.9GB (16GB approx)
[2020.08.11-22.52.05:748][  0]LogMemory: Platform Memory Stats for Windows
[2020.08.11-22.52.05:748][  0]LogMemory: Process Physical Memory: 116.48 MB used, 116.48 MB peak
[2020.08.11-22.52.05:748][  0]LogMemory: Process Virtual Memory: 108.32 MB used, 108.32 MB peak
[2020.08.11-22.52.05:748][  0]LogMemory: Physical Memory: 7794.93 MB used,  8450.93 MB free, 16245.86 MB total
[2020.08.11-22.52.05:748][  0]LogMemory: Virtual Memory: 5157.18 MB used,  134212568.00 MB free, 134217728.00 MB total
[2020.08.11-22.52.05:754][  0]LogWindows: WindowsPlatformFeatures enabled
[2020.08.11-22.52.05:794][  0]LogInit: Physics initialised using underlying interface: PhysX
[2020.08.11-22.52.05:795][  0]LogInit: Using OS detected language (en-US).
[2020.08.11-22.52.05:795][  0]LogInit: Using OS detected locale (en-IL).
[2020.08.11-22.52.05:798][  0]LogTextLocalizationManager: No specific localization for 'en-US' exists, so the 'en' localization will be used.
[2020.08.11-22.52.06:038][  0]LogInit: Setting process to per monitor DPI aware
[2020.08.11-22.52.06:069][  0]LogSlate: New Slate User Created.  User Index 0, Is Virtual User: 0
[2020.08.11-22.52.06:069][  0]LogSlate: Slate User Registered.  User Index 0, Is Virtual User: 0
[2020.08.11-22.52.06:279][  0]LogHMD: Failed to initialize OpenVR with code 100
[2020.08.11-22.52.06:279][  0]LogD3D11RHI: D3D11 min allowed feature level: 11_0
[2020.08.11-22.52.06:279][  0]LogD3D11RHI: D3D11 max allowed feature level: 11_0
[2020.08.11-22.52.06:279][  0]LogD3D11RHI: D3D11 adapters:
[2020.08.11-22.52.06:376][  0]LogD3D11RHI:    0. 'NVIDIA GeForce GTX 1050' (Feature Level 11_0)
[2020.08.11-22.52.06:376][  0]LogD3D11RHI:       4021/0/8122 MB DedicatedVideo/DedicatedSystem/SharedSystem, Outputs:1, VendorId:0x10de
[2020.08.11-22.52.06:390][  0]LogD3D11RHI:    1. 'Intel(R) HD Graphics 630' (Feature Level 11_0)
[2020.08.11-22.52.06:390][  0]LogD3D11RHI:       128/0/8122 MB DedicatedVideo/DedicatedSystem/SharedSystem, Outputs:0, VendorId:0x8086
[2020.08.11-22.52.06:392][  0]LogD3D11RHI:    2. 'Microsoft Basic Render Driver' (Feature Level 11_0)
[2020.08.11-22.52.06:392][  0]LogD3D11RHI:       0/0/8122 MB DedicatedVideo/DedicatedSystem/SharedSystem, Outputs:0, VendorId:0x1414
[2020.08.11-22.52.06:392][  0]LogD3D11RHI: Chosen D3D11 Adapter: 0
[2020.08.11-22.52.06:442][  0]LogD3D11RHI: Creating new Direct3DDevice
[2020.08.11-22.52.06:442][  0]LogD3D11RHI:     GPU DeviceId: 0x1c8d (for the marketing name, search the web for "GPU Device Id")
[2020.08.11-22.52.06:442][  0]LogWindows: EnumDisplayDevices:
[2020.08.11-22.52.06:442][  0]LogWindows:    0. 'Intel(R) HD Graphics 630' (P:1 D:1)
[2020.08.11-22.52.06:442][  0]LogWindows:    1. 'Intel(R) HD Graphics 630' (P:0 D:0)
[2020.08.11-22.52.06:443][  0]LogWindows:    2. 'Intel(R) HD Graphics 630' (P:0 D:0)
[2020.08.11-22.52.06:443][  0]LogWindows: DebugString: PrimaryIsNotTheChoosenAdapter PrimaryIsNotTheChoosenAdapter PrimaryIsNotTheChoosenAdapter FoundDriverCount:0 
[2020.08.11-22.52.06:443][  0]LogD3D11RHI:     Adapter Name: NVIDIA GeForce GTX 1050
[2020.08.11-22.52.06:443][  0]LogD3D11RHI:   Driver Version: Unknown (internal:Unknown, unified:Unknown)
[2020.08.11-22.52.06:443][  0]LogD3D11RHI:      Driver Date: Unknown
[2020.08.11-22.52.06:443][  0]LogRHI: Texture pool is 2814 MB (70% of 4021 MB)
[2020.08.11-22.52.06:524][  0]LogD3D11RHI: RHI has support for 64 bit atomics
[2020.08.11-22.52.06:527][  0]LogD3D11RHI: [Aftermath] Enabled and primed
[2020.08.11-22.52.06:527][  0]LogD3D11RHI: Async texture creation enabled
[2020.08.11-22.52.06:527][  0]LogD3D11RHI: Array index from any shader is supported
[2020.08.11-22.52.06:563][  0]LogD3D11RHI: GPU Timing Frequency: 1000.000000 (Debug: 2 1)
[2020.08.11-22.52.06:927][  0]LogTargetPlatformManager: Display: Loaded TargetPlatform 'AllDesktop'
[2020.08.11-22.52.06:951][  0]LogTargetPlatformManager: Display: Loaded TargetPlatform 'Android'
[2020.08.11-22.52.06:951][  0]LogTargetPlatformManager: Display: Loaded TargetPlatform 'Android_ASTC'
[2020.08.11-22.52.06:951][  0]LogTargetPlatformManager: Display: Loaded TargetPlatform 'Android_DXT'
[2020.08.11-22.52.06:951][  0]LogTargetPlatformManager: Display: Loaded TargetPlatform 'Android_ETC2'
[2020.08.11-22.52.06:951][  0]LogTargetPlatformManager: Display: Loaded TargetPlatform 'AndroidClient'
[2020.08.11-22.52.06:951][  0]LogTargetPlatformManager: Display: Loaded TargetPlatform 'Android_ASTCClient'
[2020.08.11-22.52.06:951][  0]LogTargetPlatformManager: Display: Loaded TargetPlatform 'Android_DXTClient'
[2020.08.11-22.52.06:951][  0]LogTargetPlatformManager: Display: Loaded TargetPlatform 'Android_ETC2Client'
[2020.08.11-22.52.06:951][  0]LogTargetPlatformManager: Display: Loaded TargetPlatform 'Android_Multi'
[2020.08.11-22.52.06:951][  0]LogTargetPlatformManager: Display: Loaded TargetPlatform 'Android_MultiClient'
[2020.08.11-22.52.06:978][  0]LogTargetPlatformManager: Display: Loaded TargetPlatform 'IOSClient'
[2020.08.11-22.52.06:978][  0]LogTargetPlatformManager: Display: Loaded TargetPlatform 'IOS'
[2020.08.11-22.52.06:990][  0]LogTargetPlatformManager: Display: Loaded TargetPlatform 'Linux'
[2020.08.11-22.52.07:001][  0]LogTargetPlatformManager: Display: Loaded TargetPlatform 'LinuxNoEditor'
[2020.08.11-22.52.07:012][  0]LogTargetPlatformManager: Display: Loaded TargetPlatform 'LinuxClient'
[2020.08.11-22.52.07:024][  0]LogTargetPlatformManager: Display: Loaded TargetPlatform 'LinuxServer'
[2020.08.11-22.52.07:035][  0]LogTargetPlatformManager: Display: Loaded TargetPlatform 'LinuxAArch64NoEditor'
[2020.08.11-22.52.07:045][  0]LogTargetPlatformManager: Display: Loaded TargetPlatform 'LinuxAArch64Client'
[2020.08.11-22.52.07:055][  0]LogTargetPlatformManager: Display: Loaded TargetPlatform 'LinuxAArch64Server'
[2020.08.11-22.52.07:087][  0]LogTargetPlatformManager: Display: Loaded TargetPlatform 'Lumin'
[2020.08.11-22.52.07:087][  0]LogTargetPlatformManager: Display: Loaded TargetPlatform 'LuminClient'
[2020.08.11-22.52.07:107][  0]LogTargetPlatformManager: Display: Loaded TargetPlatform 'TVOSClient'
[2020.08.11-22.52.07:107][  0]LogTargetPlatformManager: Display: Loaded TargetPlatform 'TVOS'
[2020.08.11-22.52.07:117][  0]LogTargetPlatformManager: Display: Loaded TargetPlatform 'WindowsNoEditor'
[2020.08.11-22.52.07:129][  0]LogTargetPlatformManager: Display: Loaded TargetPlatform 'Windows'
[2020.08.11-22.52.07:142][  0]LogTargetPlatformManager: Display: Loaded TargetPlatform 'WindowsClient'
[2020.08.11-22.52.07:155][  0]LogTargetPlatformManager: Display: Loaded TargetPlatform 'WindowsServer'
[2020.08.11-22.52.07:155][  0]LogTargetPlatformManager: Display: Building Assets For Windows
[2020.08.11-22.52.07:164][  0]LogAudioDebug: Display: Lib vorbis DLL was dynamically loaded.
[2020.08.11-22.52.07:229][  0]LogShaderCompilers: Guid format shader working directory is -20 characters bigger than the processId version (../../../../../../Users/Ben/Documents/Unreal Projects/ToonTanks/Intermediate/Shaders/WorkingDirectory/15612/).
[2020.08.11-22.52.07:229][  0]LogShaderCompilers: Cleaned the shader compiler working directory 'C:/Users/Ben/AppData/Local/Temp/UnrealShaderWorkingDir/558836DA4D51BCAD632F81A3523ABE33/'.
[2020.08.11-22.52.07:229][  0]LogXGEController: Cleaning working directory: C:/Users/Ben/AppData/Local/Temp/UnrealXGEWorkingDir/
[2020.08.11-22.52.07:230][  0]LogXGEController: Cannot use XGE Controller as Incredibuild is not installed on this machine.
[2020.08.11-22.52.07:230][  0]LogShaderCompilers: Cannot use XGE Shader Compiler as Incredibuild is not installed on this machine.
[2020.08.11-22.52.07:230][  0]LogShaderCompilers: Display: Using Local Shader Compiler.
[2020.08.11-22.52.08:095][  0]LogDerivedDataCache: Display: Max Cache Size: 512 MB
[2020.08.11-22.52.08:155][  0]LogDerivedDataCache: Loaded boot cache 0.06s 75MB C:/Users/Ben/AppData/Local/UnrealEngine/4.25/DerivedDataCache/Boot.ddc.
[2020.08.11-22.52.08:155][  0]LogDerivedDataCache: Display: Loaded Boot cache: C:/Users/Ben/AppData/Local/UnrealEngine/4.25/DerivedDataCache/Boot.ddc
[2020.08.11-22.52.08:156][  0]LogDerivedDataCache: FDerivedDataBackendGraph:  Pak pak cache file ../../../../../../Users/Ben/Documents/Unreal Projects/ToonTanks/DerivedDataCache/DDC.ddp not found, will not use a pak cache.
[2020.08.11-22.52.08:156][  0]LogDerivedDataCache: Unable to find inner node Pak for hierarchical cache Hierarchy.
[2020.08.11-22.52.08:156][  0]LogDerivedDataCache: FDerivedDataBackendGraph:  CompressedPak pak cache file ../../../../../../Users/Ben/Documents/Unreal Projects/ToonTanks/DerivedDataCache/Compressed.ddp not found, will not use a pak cache.
[2020.08.11-22.52.08:156][  0]LogDerivedDataCache: Unable to find inner node CompressedPak for hierarchical cache Hierarchy.
[2020.08.11-22.52.08:167][  0]LogDerivedDataCache: Display: Pak cache opened for reading ../../../Engine/DerivedDataCache/Compressed.ddp.
[2020.08.11-22.52.08:168][  0]LogDerivedDataCache: FDerivedDataBackendGraph:  EnterprisePak pak cache file ../../../Enterprise/DerivedDataCache/Compressed.ddp not found, will not use a pak cache.
[2020.08.11-22.52.08:168][  0]LogDerivedDataCache: Unable to find inner node EnterprisePak for hierarchical cache Hierarchy.
[2020.08.11-22.52.08:169][  0]LogDerivedDataCache: Using Local data cache path C:/Users/Ben/AppData/Local/UnrealEngine/Common/DerivedDataCache: Writable
[2020.08.11-22.52.08:169][  0]LogDerivedDataCache: Shared data cache path not found in *engine.ini, will not use an Shared cache.
[2020.08.11-22.52.08:169][  0]LogDerivedDataCache: Unable to find inner node Shared for hierarchical cache Hierarchy.
[2020.08.11-22.52.08:227][  0]LogSlate: Using FreeType 2.10.0
[2020.08.11-22.52.08:228][  0]LogSlate: SlateFontServices - WITH_FREETYPE: 1, WITH_HARFBUZZ: 1
[2020.08.11-22.52.08:258][  0]LogAssetRegistry: FAssetRegistry took 0.0027 seconds to start up
[2020.08.11-22.52.08:566][  0]LogInit: Selected Device Profile: [Windows]
[2020.08.11-22.52.08:720][  0]LogMeshReduction: Using QuadricMeshReduction for automatic static mesh reduction
[2020.08.11-22.52.08:720][  0]LogMeshReduction: Using SimplygonMeshReduction for automatic skeletal mesh reduction
[2020.08.11-22.52.08:720][  0]LogMeshReduction: Using ProxyLODMeshReduction for automatic mesh merging
[2020.08.11-22.52.08:720][  0]LogMeshReduction: No distributed automatic mesh merging module available
[2020.08.11-22.52.08:720][  0]LogMeshMerging: No distributed automatic mesh merging module available
[2020.08.11-22.52.08:739][  0]LogNetVersion: ToonTanks 1.0.0, NetCL: 13144385, EngineNetVer: 14, GameNetVer: 0 (Checksum: 281104731)
[2020.08.11-22.52.09:260][  0]LogAISub: UAISubsystem::UAISubsystem AISubsystem (000002619DB94480), frame # 0
[2020.08.11-22.52.09:260][  0]LogAISub: UAISubsystem::UAISubsystem AIPerceptionSystem (000002619DACEAC0), frame # 0
[2020.08.11-22.52.09:261][  0]LogAISub: UAISubsystem::UAISubsystem EnvQueryManager (000002619DB25E00), frame # 0
[2020.08.11-22.52.09:340][  0]LogPackageLocalizationCache: Processed 19 localized package path(s) for 1 prioritized culture(s) in 0.071652 seconds
[2020.08.11-22.52.09:345][  0]LogUObjectArray: 15913 objects as part of root set at end of initial load.
[2020.08.11-22.52.09:345][  0]LogUObjectAllocator: 3964304 out of 0 bytes used by permanent object pool.
[2020.08.11-22.52.09:345][  0]LogUObjectArray: CloseDisregardForGC: 0/0 objects in disregard for GC pool
[2020.08.11-22.52.09:713][  0]LogTcpMessaging: Initializing TcpMessaging bridge
[2020.08.11-22.52.09:717][  0]LogUdpMessaging: Initializing bridge on interface 0.0.0.0:0 to multicast group 230.0.0.1:6666.
[2020.08.11-22.52.09:870][  0]SourceControl: Source control is disabled
[2020.08.11-22.52.09:870][  0]SourceControl: Source control is disabled
[2020.08.11-22.52.09:873][  0]SourceControl: Source control is disabled
[2020.08.11-22.52.09:876][  0]SourceControl: Source control is disabled
[2020.08.11-22.52.09:882][  0]SourceControl: Source control is disabled
[2020.08.11-22.52.10:140][  0]LogAndroidPermission: UAndroidPermissionCallbackProxy::GetInstance
[2020.08.11-22.52.10:162][  0]LogAudioCaptureCore: Display: No Audio Capture implementations found. Audio input will be silent.
[2020.08.11-22.52.10:162][  0]LogAudioCaptureCore: Display: No Audio Capture implementations found. Audio input will be silent.
[2020.08.11-22.52.10:220][  0]LogOcInput: OculusInput pre-init called
[2020.08.11-22.52.10:233][  0]LogWindows: Failed to load 'OVRPlugin.dll' (GetLastError=126)
[2020.08.11-22.52.10:233][  0]LogWindows: File 'OVRPlugin.dll' does not exist
[2020.08.11-22.52.10:300][  0]LogEngine: Initializing Engine...
[2020.08.11-22.52.10:302][  0]LogHMD: Failed to initialize OpenVR with code 100
[2020.08.11-22.52.10:302][  0]LogMagicLeap: Warning: VR disabled because ZI is not enabled.  To enable, in the editor, Edit -> Project Settings -> Plugins -> Magic Leap Plugin -> Enable Zero Iteration
[2020.08.11-22.52.10:304][  0]LogStats: UGameplayTagsManager::InitializeManager -  0.000 s
[2020.08.11-22.52.10:441][  0]LogInit: Initializing FReadOnlyCVARCache
[2020.08.11-22.52.10:448][  0]LogAIModule: Creating AISystem for world Untitled
[2020.08.11-22.52.10:448][  0]LogAISub: UAISubsystem::UAISubsystem EnvQueryManager (000002619FBFFC00), frame # 0
[2020.08.11-22.52.10:448][  0]LogAISub: UAISubsystem::UAISubsystem AIPerceptionSystem (000002619FC0BB00), frame # 0
[2020.08.11-22.52.10:475][  0]LogAudioMixer: Display: Audio Mixer Platform Settings:
[2020.08.11-22.52.10:475][  0]LogAudioMixer: Display: 	Sample Rate:						  48000
[2020.08.11-22.52.10:475][  0]LogAudioMixer: Display: 	Callback Buffer Frame Size Requested: 1024
[2020.08.11-22.52.10:475][  0]LogAudioMixer: Display: 	Callback Buffer Frame Size To Use:	  1024
[2020.08.11-22.52.10:475][  0]LogAudioMixer: Display: 	Number of buffers to queue:			  2
[2020.08.11-22.52.10:475][  0]LogAudioMixer: Display: 	Max Channels (voices):				  32
[2020.08.11-22.52.10:475][  0]LogAudioMixer: Display: 	Number of Async Source Workers:		  0
[2020.08.11-22.52.10:475][  0]LogAudio: Display: AudioDevice MaxSources: 32
[2020.08.11-22.52.10:475][  0]LogAudio: Display: Using built-in audio occlusion.
[2020.08.11-22.52.10:475][  0]LogAudioMixer: Display: Initializing audio mixer.
[2020.08.11-22.52.10:491][  0]LogAudioMixer: Display: 0: FrontLeft
[2020.08.11-22.52.10:491][  0]LogAudioMixer: Display: 1: FrontRight
[2020.08.11-22.52.10:617][  0]LogAudioMixer: Display: Using Audio Device Speakers / Headphones (Realtek Audio)
[2020.08.11-22.52.10:621][  0]LogAudioMixer: Display: Initializing Sound Submixes...
[2020.08.11-22.52.10:624][  0]LogAudioMixer: Display: Creating Master Submix 'MasterSubmixDefault'
[2020.08.11-22.52.10:624][  0]LogAudioMixer: Display: Creating Master Submix 'MasterReverbSubmixDefault'
[2020.08.11-22.52.10:625][  0]LogAudioMixer: Display: Creating Master Submix 'MasterEQSubmixDefault'
[2020.08.11-22.52.10:625][  0]LogInit: FAudioDevice initialized.
[2020.08.11-22.52.10:626][  0]LogNetVersion: Set ProjectVersion to 1.0.0.0. Version Checksum will be recalculated on next use.
[2020.08.11-22.52.10:752][  0]LogDerivedDataCache: Saved boot cache 0.13s 75MB C:/Users/Ben/AppData/Local/UnrealEngine/4.25/DerivedDataCache/Boot.ddc.
[2020.08.11-22.52.10:762][  0]LogInit: Texture streaming: Enabled
[2020.08.11-22.52.10:779][  0]LogEngineSessionManager: EngineSessionManager initialized
[2020.08.11-22.52.10:780][  0]LogEditorSessionSummary: Verbose: Initializing EditorSessionSummaryWriter for editor session tracking
[2020.08.11-22.52.10:781][  0]LogEditorSessionSummary: EditorSessionSummaryWriter initialized
[2020.08.11-22.52.10:848][  0]LogInit: Transaction tracking system initialized
[2020.08.11-22.52.10:875][  0]BlueprintLog: New page: Editor Load
[2020.08.11-22.52.10:949][  0]LocalizationService: Localization service is disabled
[2020.08.11-22.52.11:128][  0]LogCook: Display: Max memory allowance for cook 16384mb min free memory 0mb
[2020.08.11-22.52.11:129][  0]LogCook: Display: Mobile HDR setting 1
[2020.08.11-22.52.11:268][  0]LogFileCache: Scanning file cache for directory 'C:/Users/Ben/Documents/Unreal Projects/ToonTanks/Content/' took 0.00s
[2020.08.11-22.52.11:510][  0]SourceControl: Source control is disabled
[2020.08.11-22.52.11:511][  0]LogUnrealEdMisc: Loading editor; pre map load, took 7.753
[2020.08.11-22.52.11:511][  0]Cmd: MAP LOAD FILE="../../../../../../Users/Ben/Documents/Unreal Projects/ToonTanks/Content/Maps/Main.umap" TEMPLATE=0 SHOWPROGRESS=1 FEATURELEVEL=3
[2020.08.11-22.52.11:511][  0]LightingResults: New page: Lighting Build
[2020.08.11-22.52.11:512][  0]LogWorld: UWorld::CleanupWorld for Untitled, bSessionEnded=true, bCleanupResources=true
[2020.08.11-22.52.11:512][  0]LogSlate: InvalidateAllWidgets triggered.  All widgets were invalidated
[2020.08.11-22.52.11:512][  0]MapCheck: New page: Map Check
[2020.08.11-22.52.11:512][  0]LightingResults: New page: Lighting Build
[2020.08.11-22.52.11:533][  0]LogAISub: UAISubsystem::~UAISubsystem EnvQueryManager (000002619FBFFC00), frame # 0
[2020.08.11-22.52.11:533][  0]LogAISub: UAISubsystem::~UAISubsystem AIPerceptionSystem (000002619FC0BB00), frame # 0
[2020.08.11-22.52.11:534][  0]LogUObjectHash: Compacting FUObjectHashTables data took   1.49ms
[2020.08.11-22.52.11:610][  0]LogAIModule: Creating AISystem for world Main
[2020.08.11-22.52.11:610][  0]LogAISub: UAISubsystem::UAISubsystem EnvQueryManager (000002618C283400), frame # 0
[2020.08.11-22.52.11:610][  0]LogAISub: UAISubsystem::UAISubsystem AIPerceptionSystem (000002619F1D3100), frame # 0
[2020.08.11-22.52.11:613][  0]LogEditorServer: Finished looking for orphan Actors (0.000 secs)
[2020.08.11-22.52.11:627][  0]LogUObjectHash: Compacting FUObjectHashTables data took   1.15ms
[2020.08.11-22.52.11:627][  0]Cmd: MAP CHECKDEP NOCLEARLOG
[2020.08.11-22.52.11:627][  0]MapCheck: Map check complete: 0 Error(s), 0 Warning(s), took 0.198ms to complete.
[2020.08.11-22.52.11:628][  0]LogFileHelpers: Loading map 'Main' took 0.117
[2020.08.11-22.52.11:630][  0]LogUnrealEdMisc: Total Editor Startup Time, took 7.872
[2020.08.11-22.52.11:778][  0]LogSlate: Updating window title bar state: overlay mode, drag disabled, window buttons hidden, title bar hidden
[2020.08.11-22.52.11:785][  0]LogSlate: Updating window title bar state: overlay mode, drag disabled, window buttons hidden, title bar hidden
[2020.08.11-22.52.11:794][  0]LogSlate: Updating window title bar state: overlay mode, drag disabled, window buttons hidden, title bar hidden
[2020.08.11-22.52.11:802][  0]LogSlate: Updating window title bar state: overlay mode, drag disabled, window buttons hidden, title bar hidden
[2020.08.11-22.52.11:809][  0]LogCollectionManager: Loaded 0 collections in 0.001193 seconds
[2020.08.11-22.52.11:825][  0]LogFileCache: Scanning file cache for directory 'C:/Users/Ben/Documents/Unreal Projects/ToonTanks/Saved/Collections/' took 0.00s
[2020.08.11-22.52.11:825][  0]LogFileCache: Scanning file cache for directory 'C:/Users/Ben/Documents/Unreal Projects/ToonTanks/Content/Developers/Ben/Collections/' took 0.00s
[2020.08.11-22.52.11:825][  0]LogFileCache: Scanning file cache for directory 'C:/Users/Ben/Documents/Unreal Projects/ToonTanks/Content/Collections/' took 0.00s
[2020.08.11-22.52.11:825][  0]LogContentBrowser: Native class hierarchy populated in 0.0106 seconds. Added 3429 classes and 824 folders.
[2020.08.11-22.52.11:828][  0]LogContentBrowser: Native class hierarchy updated for 'WidgetCarousel' in 0.0004 seconds. Added 0 classes and 0 folders.
[2020.08.11-22.52.11:897][  0]LogContentBrowser: Native class hierarchy updated for 'AddContentDialog' in 0.0004 seconds. Added 0 classes and 0 folders.
[2020.08.11-22.52.11:902][  0]LogContentBrowser: Native class hierarchy updated for 'SceneOutliner' in 0.0006 seconds. Added 2 classes and 0 folders.
[2020.08.11-22.52.11:966][  0]LogSlate: Took 0.000200 seconds to synchronously load lazily loaded font '../../../Engine/Content/Slate/Fonts/Roboto-Regular.ttf' (155K)
[2020.08.11-22.52.11:971][  0]LogSlate: Took 0.000208 seconds to synchronously load lazily loaded font '../../../Engine/Content/Slate/Fonts/Roboto-Bold.ttf' (160K)
[2020.08.11-22.52.11:975][  0]LogSlate: Took 0.000137 seconds to synchronously load lazily loaded font '../../../Engine/Content/Editor/Slate/Fonts/FontAwesome.ttf' (139K)
[2020.08.11-22.52.12:050][  0]LogRenderer: Reallocating scene render targets to support 876x384 Format 10 NumSamples 1 (Frame:1).
[2020.08.11-22.52.12:096][  0]LogSlate: Took 0.000172 seconds to synchronously load lazily loaded font '../../../Engine/Content/Slate/Fonts/Roboto-Light.ttf' (167K)
[2020.08.11-22.52.12:147][  0]LogContentBrowser: Native class hierarchy updated for 'HierarchicalLODOutliner' in 0.0004 seconds. Added 0 classes and 0 folders.
[2020.08.11-22.52.12:148][  0]LogLoad: (Engine Initialization) Total time: 8.39 seconds
[2020.08.11-22.52.12:148][  0]LogLoad: (Engine Initialization) Total Blueprint compile time: 0.00 seconds
[2020.08.11-22.52.12:197][  0]LogAssetRegistry: Asset discovery search completed in 3.9406 seconds
[2020.08.11-22.52.12:207][  0]LogCollectionManager: Fixed up redirectors for 0 collections in 0.000003 seconds (updated 0 objects)
[2020.08.11-22.52.12:209][  0]LogContentStreaming: Texture pool size now 1000 MB
[2020.08.11-22.53.10:805][266]Candidate modules for hot reload:
[2020.08.11-22.53.10:805][266]  ToonTanks
[2020.08.11-22.53.10:805][266]Launching UnrealBuildTool... [C:/Program Files/Epic Games/UE_4.25/Engine/Binaries/DotNET/UnrealBuildTool.exe  -ModuleWithSuffix=ToonTanks,4039 ToonTanksEditor Win64 Development -Project="C:/Users/Ben/Documents/Unreal Projects/ToonTanks/ToonTanks.uproject" "C:/Users/Ben/Documents/Unreal Projects/ToonTanks/ToonTanks.uproject"  -IgnoreJunk]
[2020.08.11-22.53.10:809][266]Warning: Starting HotReload took  0.0s.
[2020.08.11-22.53.20:003][363]CompilerResultsLog: New page: Compilation - 12 Aug 2020, 4:53:20
[2020.08.11-22.53.20:003][363]CompilerResultsLog: Using 'git status' to determine working set for adaptive non-unity build (C:\Users\Ben\Documents\Unreal Projects\ToonTanks).
[2020.08.11-22.53.20:003][363]CompilerResultsLog: Parsing headers for ToonTanksEditor
[2020.08.11-22.53.20:003][363]CompilerResultsLog:   Running UnrealHeaderTool "C:\Users\Ben\Documents\Unreal Projects\ToonTanks\ToonTanks.uproject" "C:\Users\Ben\Documents\Unreal Projects\ToonTanks\Intermediate\Build\Win64\ToonTanksEditor\Development\ToonTanksEditor.uhtmanifest" -LogCmds="loginit warning, logexit warning, logdatabase error" -Unattended -WarningsAsErrors -abslog="C:\Users\Ben\AppData\Local\UnrealBuildTool\Log_UHT.txt" -installed
[2020.08.11-22.53.20:003][363]CompilerResultsLog: Reflection code generated for ToonTanksEditor in 6.3926799 seconds
[2020.08.11-22.53.20:003][363]CompilerResultsLog: Building ToonTanksEditor...
[2020.08.11-22.53.20:003][363]CompilerResultsLog: Using Visual Studio 2019 14.27.29110 toolchain (C:\Program Files (x86)\Microsoft Visual Studio\2019\Community\VC\Tools\MSVC\14.27.29110) and Windows 10.0.17763.0 SDK (C:\Program Files (x86)\Windows Kits\10).
[2020.08.11-22.53.20:003][363]CompilerResultsLog: Building 5 actions with 8 processes...
[2020.08.11-22.53.20:003][363]CompilerResultsLog:   [1/5] PawnTank.gen.cpp
[2020.08.11-22.53.20:003][363]CompilerResultsLog:   [2/5] PawnTank.cpp
[2020.08.11-22.53.20:003][363]CompilerResultsLog:   [3/5] UE4Editor-ToonTanks-4039.lib
[2020.08.11-22.53.20:003][363]CompilerResultsLog:      Creating library C:\Users\Ben\Documents\Unreal Projects\ToonTanks\Intermediate\Build\Win64\UE4Editor\Development\ToonTanks\UE4Editor-ToonTanks-4039.lib and object C:\Users\Ben\Documents\Unreal Projects\ToonTanks\Intermediate\Build\Win64\UE4Editor\Development\ToonTanks\UE4Editor-ToonTanks-4039.exp
[2020.08.11-22.53.20:003][363]CompilerResultsLog:   [4/5] UE4Editor-ToonTanks-4039.dll
[2020.08.11-22.53.20:003][363]CompilerResultsLog:      Creating library C:\Users\Ben\Documents\Unreal Projects\ToonTanks\Intermediate\Build\Win64\UE4Editor\Development\ToonTanks\UE4Editor-ToonTanks-4039.suppressed.lib and object C:\Users\Ben\Documents\Unreal Projects\ToonTanks\Intermediate\Build\Win64\UE4Editor\Development\ToonTanks\UE4Editor-ToonTanks-4039.suppressed.exp
[2020.08.11-22.53.20:003][363]CompilerResultsLog:   [5/5] ToonTanksEditor.target
[2020.08.11-22.53.20:003][363]CompilerResultsLog: Total time in Parallel executor: 1.71 seconds
[2020.08.11-22.53.20:003][363]CompilerResultsLog: Total execution time: 9.02 seconds
[2020.08.11-22.53.20:003][363]LogMainFrame: MainFrame: Module compiling took 9.204 seconds
[2020.08.11-22.53.20:027][363]LogClass: Could not find existing class PawnTank in package /Script/ToonTanks for HotReload, assuming new class
[2020.08.11-22.53.20:035][363]LogHotReload: Re-instancing PawnTank after hot-reload.
[2020.08.11-22.53.20:039][363]LogContentBrowser: Native class hierarchy updated for 'ToonTanks' in 0.0006 seconds. Added 2 classes and 3 folders.
[2020.08.11-22.53.20:040][363]Display: HotReload successful (0 functions remapped  0 scriptstructs remapped)
[2020.08.11-22.53.20:087][363]LogContentBrowser: Native class hierarchy populated in 0.0104 seconds. Added 3429 classes and 824 folders.
[2020.08.11-22.53.20:087][363]Display: HotReload took  9.3s.
[2020.08.11-22.53.34:913][737]LogSlate: Took 0.000148 seconds to synchronously load lazily loaded font '../../../Engine/Content/Slate/Fonts/Roboto-Light.ttf' (167K)
[2020.08.11-22.53.34:929][737]LogAssetEditorSubsystem: Opening Asset editor for Class /Script/ToonTanks.PawnTank
[2020.08.11-22.53.40:994][ 84]LogAssetEditorSubsystem: Opening Asset editor for Blueprint /Game/Blueprints/Pawns/BP_PawnTank.BP_PawnTank
[2020.08.11-22.53.41:262][ 84]LogContentBrowser: Native class hierarchy updated for 'BlueprintGraph' in 0.0006 seconds. Added 125 classes and 0 folders.
[2020.08.11-22.56.22:060][666]LogSlate: Window 'BP_PawnTank' being destroyed
[2020.08.11-22.56.22:084][666]LogWorld: UWorld::CleanupWorld for World_0, bSessionEnded=true, bCleanupResources=true
[2020.08.11-22.56.22:084][666]LogSlate: InvalidateAllWidgets triggered.  All widgets were invalidated
[2020.08.11-22.56.22:158][666]LogAssetEditorSubsystem: Opening Asset editor for Blueprint /Game/Blueprints/Pawns/BP_PawnTank.BP_PawnTank
[2020.08.11-22.56.22:599][666]LogSlate: Took 0.000180 seconds to synchronously load lazily loaded font '../../../Engine/Content/Slate/Fonts/Roboto-BoldCondensed.ttf' (158K)
[2020.08.11-22.56.30:859][152]LogSlate: Took 0.000183 seconds to synchronously load lazily loaded font '../../../Engine/Content/Slate/Fonts/Roboto-Italic.ttf' (157K)
[2020.08.11-22.56.38:599][604]LogBlueprint: Warning: Reparenting blueprint Blueprint /Game/Blueprints/Pawns/BP_PawnTank.BP_PawnTank from PawnBase to PawnTank...
[2020.08.11-22.56.38:609][604]BlueprintLog: New page: Compile BP_PawnTank
[2020.08.11-22.56.38:658][604]LogUObjectHash: Compacting FUObjectHashTables data took   2.07ms
[2020.08.11-22.56.38:695][604]LogSlate: Took 0.000179 seconds to synchronously load lazily loaded font '../../../Engine/Content/Slate/Fonts/DroidSansMono.ttf' (77K)
[2020.08.11-22.56.39:922][678]BlueprintLog: New page: Compile BP_PawnTank
[2020.08.11-22.56.39:959][678]LogUObjectHash: Compacting FUObjectHashTables data took   1.63ms
[2020.08.11-22.56.40:774][724]Cmd: OBJ SAVEPACKAGE PACKAGE="/Game/Blueprints/Pawns/BP_PawnTank" FILE="../../../../../../Users/Ben/Documents/Unreal Projects/ToonTanks/Content/Blueprints/Pawns/BP_PawnTank.uasset" SILENT=true
[2020.08.11-22.56.40:798][724]LogSavePackage: Moving '../../../../../../Users/Ben/Documents/Unreal Projects/ToonTanks/Saved/BP_PawnTank26D5A4904199B85E6165759765DCF99F.tmp' to '../../../../../../Users/Ben/Documents/Unreal Projects/ToonTanks/Content/Blueprints/Pawns/BP_PawnTank.uasset'
[2020.08.11-22.56.40:816][724]AssetCheck: New page: Asset Save: BP_PawnTank
[2020.08.11-22.56.40:816][724]LogContentValidation: Display: Validating Blueprint /Game/Blueprints/Pawns/BP_PawnTank.BP_PawnTank
[2020.08.11-22.56.41:413][760]BlueprintLog: New page: Compile BP_PawnTank
[2020.08.11-22.56.41:447][760]LogUObjectHash: Compacting FUObjectHashTables data took   1.95ms
[2020.08.11-22.56.41:924][786]Cmd: OBJ SAVEPACKAGE PACKAGE="/Game/Blueprints/Pawns/BP_PawnTank" FILE="../../../../../../Users/Ben/Documents/Unreal Projects/ToonTanks/Content/Blueprints/Pawns/BP_PawnTank.uasset" SILENT=true
[2020.08.11-22.56.41:946][786]LogSavePackage: Moving '../../../../../../Users/Ben/Documents/Unreal Projects/ToonTanks/Saved/BP_PawnTank3289DBF34B2E2FA2F7321C8D199B0441.tmp' to '../../../../../../Users/Ben/Documents/Unreal Projects/ToonTanks/Content/Blueprints/Pawns/BP_PawnTank.uasset'
[2020.08.11-22.56.41:957][786]AssetCheck: New page: Asset Save: BP_PawnTank
[2020.08.11-22.56.41:957][786]LogContentValidation: Display: Validating Blueprint /Game/Blueprints/Pawns/BP_PawnTank.BP_PawnTank
[2020.08.11-22.56.43:073][849]LogSlate: Window 'BP_PawnTank' being destroyed
[2020.08.11-22.56.43:077][849]LogSlate: Window 'BP_PawnTank' being destroyed
[2020.08.11-22.56.43:099][849]LogWorld: UWorld::CleanupWorld for World_3, bSessionEnded=true, bCleanupResources=true
[2020.08.11-22.56.43:099][849]LogSlate: InvalidateAllWidgets triggered.  All widgets were invalidated
[2020.08.11-22.57.10:287][382]LogUObjectHash: Compacting FUObjectHashTables data took   1.97ms
[2020.08.11-22.57.10:329][382]Cmd: OBJ SAVEPACKAGE PACKAGE="/Game/Maps/Main" FILE="../../../../../../Users/Ben/Documents/Unreal Projects/ToonTanks/Content/Maps/Main.umap" SILENT=true AUTOSAVING=false KEEPDIRTY=false
[2020.08.11-22.57.10:347][382]LogUObjectHash: Compacting FUObjectHashTables data took   0.37ms
[2020.08.11-22.57.10:376][382]LogSavePackage: Moving '../../../../../../Users/Ben/Documents/Unreal Projects/ToonTanks/Saved/MainE65607774DFDF8BD3E41EBBCBE0A2132.tmp' to '../../../../../../Users/Ben/Documents/Unreal Projects/ToonTanks/Content/Maps/Main.umap'
[2020.08.11-22.57.10:411][382]LogFileHelpers: Saving map 'Main' took 0.083
[2020.08.11-22.57.10:411][382]Cmd: OBJ SAVEPACKAGE PACKAGE="/Game/Maps/Main_BuiltData" FILE="../../../../../../Users/Ben/Documents/Unreal Projects/ToonTanks/Content/Maps/Main_BuiltData.uasset" SILENT=true
[2020.08.11-22.57.10:448][382]LogSavePackage: Moving '../../../../../../Users/Ben/Documents/Unreal Projects/ToonTanks/Saved/Main_BuiltData04000B4E4491E2B5F019F99E28532F29.tmp' to '../../../../../../Users/Ben/Documents/Unreal Projects/ToonTanks/Content/Maps/Main_BuiltData.uasset'
[2020.08.11-22.57.10:470][382]AssetCheck: New page: Asset Save: multiple assets
[2020.08.11-22.57.10:470][382]LogContentValidation: Display: Validating World /Game/Maps/Main.Main
[2020.08.11-22.57.10:470][382]LogContentValidation: Display: Validating MapBuildDataRegistry /Game/Maps/Main_BuiltData.Main_BuiltData
[2020.08.11-22.57.12:704][501]Candidate modules for hot reload:
[2020.08.11-22.57.12:704][501]  ToonTanks
[2020.08.11-22.57.12:704][501]Launching UnrealBuildTool... [C:/Program Files/Epic Games/UE_4.25/Engine/Binaries/DotNET/UnrealBuildTool.exe  -ModuleWithSuffix=ToonTanks,3072 ToonTanksEditor Win64 Development -Project="C:/Users/Ben/Documents/Unreal Projects/ToonTanks/ToonTanks.uproject" "C:/Users/Ben/Documents/Unreal Projects/ToonTanks/ToonTanks.uproject"  -IgnoreJunk]
[2020.08.11-22.57.12:708][501]Warning: Starting HotReload took  0.0s.
[2020.08.11-22.57.14:769][594]CompilerResultsLog: New page: Compilation - 12 Aug 2020, 4:57:14
[2020.08.11-22.57.14:770][594]CompilerResultsLog: Using 'git status' to determine working set for adaptive non-unity build (C:\Users\Ben\Documents\Unreal Projects\ToonTanks).
[2020.08.11-22.57.14:770][594]CompilerResultsLog: Building ToonTanksEditor...
[2020.08.11-22.57.14:770][594]CompilerResultsLog: Using Visual Studio 2019 14.27.29110 toolchain (C:\Program Files (x86)\Microsoft Visual Studio\2019\Community\VC\Tools\MSVC\14.27.29110) and Windows 10.0.17763.0 SDK (C:\Program Files (x86)\Windows Kits\10).
[2020.08.11-22.57.14:770][594]CompilerResultsLog: Building 3 actions with 8 processes...
[2020.08.11-22.57.14:770][594]CompilerResultsLog:   [1/3] UE4Editor-ToonTanks-3072.lib
[2020.08.11-22.57.14:770][594]CompilerResultsLog:      Creating library C:\Users\Ben\Documents\Unreal Projects\ToonTanks\Intermediate\Build\Win64\UE4Editor\Development\ToonTanks\UE4Editor-ToonTanks-3072.lib and object C:\Users\Ben\Documents\Unreal Projects\ToonTanks\Intermediate\Build\Win64\UE4Editor\Development\ToonTanks\UE4Editor-ToonTanks-3072.exp
[2020.08.11-22.57.14:770][594]CompilerResultsLog:   [2/3] UE4Editor-ToonTanks-3072.dll
[2020.08.11-22.57.14:770][594]CompilerResultsLog:      Creating library C:\Users\Ben\Documents\Unreal Projects\ToonTanks\Intermediate\Build\Win64\UE4Editor\Development\ToonTanks\UE4Editor-ToonTanks-3072.suppressed.lib and object C:\Users\Ben\Documents\Unreal Projects\ToonTanks\Intermediate\Build\Win64\UE4Editor\Development\ToonTanks\UE4Editor-ToonTanks-3072.suppressed.exp
[2020.08.11-22.57.14:770][594]CompilerResultsLog:   [3/3] ToonTanksEditor.target
[2020.08.11-22.57.14:770][594]CompilerResultsLog: Total time in Parallel executor: 1.06 seconds
[2020.08.11-22.57.14:770][594]CompilerResultsLog: Total execution time: 1.96 seconds
[2020.08.11-22.57.14:770][594]LogMainFrame: MainFrame: Module compiling took 2.071 seconds
[2020.08.11-22.57.14:803][594]LogContentBrowser: Native class hierarchy updated for 'ToonTanks' in 0.0004 seconds. Added 2 classes and 3 folders.
[2020.08.11-22.57.14:806][594]Display: HotReload successful (0 functions remapped  0 scriptstructs remapped)
[2020.08.11-22.57.14:877][594]LogContentBrowser: Native class hierarchy populated in 0.0089 seconds. Added 3429 classes and 824 folders.
[2020.08.11-22.57.14:877][594]Display: HotReload took  2.2s.
[2020.08.11-22.57.16:866][685]LogTemp: Repeating last play command: Selected Viewport
[2020.08.11-22.57.16:891][685]LogPlayLevel: PlayLevel: No blueprints needed recompiling
[2020.08.11-22.57.16:892][685]PIE: New page: PIE session: Main (12 Aug 2020, 4:57:16)
[2020.08.11-22.57.16:894][685]LogOnline: OSS: Creating online subsystem instance for: NULL
[2020.08.11-22.57.16:896][685]LogOnline: OSS: TryLoadSubsystemAndSetDefault: Loaded subsystem for module [NULL]
[2020.08.11-22.57.16:899][685]LogPlayLevel: Creating play world package: /Game/Maps/UEDPIE_0_Main
[2020.08.11-22.57.16:906][685]LogPlayLevel: PIE: StaticDuplicateObject took: (0.006954s)
[2020.08.11-22.57.16:907][685]LogAIModule: Creating AISystem for world Main
[2020.08.11-22.57.16:907][685]LogAISub: UAISubsystem::UAISubsystem EnvQueryManager (00000261C9859E00), frame # 4685
[2020.08.11-22.57.16:908][685]LogAISub: UAISubsystem::UAISubsystem AIPerceptionSystem (000002620440C7C0), frame # 4685
[2020.08.11-22.57.16:908][685]LogPlayLevel: PIE: World Init took: (0.001774s)
[2020.08.11-22.57.16:908][685]LogPlayLevel: PIE: Created PIE world by copying editor world from /Game/Maps/Main.Main to /Game/Maps/UEDPIE_0_Main.Main (0.008931s)
[2020.08.11-22.57.16:977][685]LogUObjectHash: Compacting FUObjectHashTables data took   2.97ms
[2020.08.11-22.57.16:980][685]LogAudioMixer: Display: Audio Mixer Platform Settings:
[2020.08.11-22.57.16:980][685]LogAudioMixer: Display: 	Sample Rate:						  48000
[2020.08.11-22.57.16:980][685]LogAudioMixer: Display: 	Callback Buffer Frame Size Requested: 1024
[2020.08.11-22.57.16:980][685]LogAudioMixer: Display: 	Callback Buffer Frame Size To Use:	  1024
[2020.08.11-22.57.16:980][685]LogAudioMixer: Display: 	Number of buffers to queue:			  2
[2020.08.11-22.57.16:980][685]LogAudioMixer: Display: 	Max Channels (voices):				  32
[2020.08.11-22.57.16:980][685]LogAudioMixer: Display: 	Number of Async Source Workers:		  0
[2020.08.11-22.57.16:980][685]LogAudio: Display: AudioDevice MaxSources: 32
[2020.08.11-22.57.16:981][685]LogAudio: Display: Using built-in audio occlusion.
[2020.08.11-22.57.16:981][685]LogAudioMixer: Display: Initializing audio mixer.
[2020.08.11-22.57.16:985][685]LogAudioMixer: Display: 0: FrontLeft
[2020.08.11-22.57.16:986][685]LogAudioMixer: Display: 1: FrontRight
[2020.08.11-22.57.17:099][685]LogAudioMixer: Display: Using Audio Device Speakers / Headphones (Realtek Audio)
[2020.08.11-22.57.17:100][685]LogAudioMixer: Display: Initializing Sound Submixes...
[2020.08.11-22.57.17:100][685]LogAudioMixer: Display: Creating Master Submix 'MasterSubmixDefault'
[2020.08.11-22.57.17:100][685]LogAudioMixer: Display: Creating Master Submix 'MasterReverbSubmixDefault'
[2020.08.11-22.57.17:100][685]LogAudioMixer: Display: Creating Master Submix 'MasterEQSubmixDefault'
[2020.08.11-22.57.17:127][685]LogInit: FAudioDevice initialized.
[2020.08.11-22.57.17:144][685]LogLoad: Game class is 'GameModeBase'
[2020.08.11-22.57.17:157][685]LogWorld: Bringing World /Game/Maps/UEDPIE_0_Main.Main up for play (max tick rate 60) at 2020.08.12-01.57.17
[2020.08.11-22.57.17:158][685]LogWorld: Bringing up level for play took: 0.003285
[2020.08.11-22.57.17:159][685]LogOnline: OSS: Creating online subsystem instance for: :Context_6
[2020.08.11-22.57.17:236][685]LogContentBrowser: Native class hierarchy updated for 'MovieSceneCapture' in 0.0015 seconds. Added 20 classes and 0 folders.
[2020.08.11-22.57.17:245][685]PIE: Server logged in
[2020.08.11-22.57.17:250][685]PIE: Play in editor total start time 0.365 seconds.
[2020.08.11-22.58.18:616][309]LogSlate: Updating window title bar state: overlay mode, drag disabled, window buttons hidden, title bar hidden
[2020.08.11-22.58.18:616][309]LogWorld: BeginTearingDown for /Game/Maps/UEDPIE_0_Main
[2020.08.11-22.58.18:616][309]LogWorld: UWorld::CleanupWorld for Main, bSessionEnded=true, bCleanupResources=true
[2020.08.11-22.58.18:616][309]LogSlate: InvalidateAllWidgets triggered.  All widgets were invalidated
[2020.08.11-22.58.18:623][309]LogPlayLevel: Display: Shutting down PIE online subsystems
[2020.08.11-22.58.18:626][309]LogSlate: InvalidateAllWidgets triggered.  All widgets were invalidated
[2020.08.11-22.58.18:640][309]LogSlate: Updating window title bar state: overlay mode, drag disabled, window buttons hidden, title bar hidden
[2020.08.11-22.58.18:661][309]LogAISub: UAISubsystem::~UAISubsystem EnvQueryManager (00000261C9859E00), frame # 8309
[2020.08.11-22.58.18:662][309]LogAISub: UAISubsystem::~UAISubsystem AIPerceptionSystem (000002620440C7C0), frame # 8309
[2020.08.11-22.58.18:665][309]LogUObjectHash: Compacting FUObjectHashTables data took   3.67ms
[2020.08.11-22.58.18:720][310]LogPlayLevel: Display: Destroying online subsystem :Context_6
